Begin indexing
Wed May 19 09:12:58 UTC 2021
Finish indexing
Wed May 19 09:12:58 UTC 2021

Begin indexing
Wed May 19 09:19:33 UTC 2021
Finish indexing
Wed May 19 09:19:33 UTC 2021

Begin indexing
Wed May 19 09:23:10 UTC 2021
Finish indexing
Wed May 19 09:23:10 UTC 2021

Begin indexing
Wed May 19 09:26:24 UTC 2021
Finish indexing
Wed May 19 09:26:24 UTC 2021

Begin indexing
Wed May 19 09:27:33 UTC 2021
Finish indexing
Wed May 19 09:27:33 UTC 2021

Begin indexing
Wed May 19 09:29:09 UTC 2021
Finish indexing
Wed May 19 09:29:09 UTC 2021

Begin indexing
Wed May 19 09:41:27 UTC 2021
Finish indexing
Wed May 19 09:41:27 UTC 2021

Begin indexing
Wed May 19 09:41:35 UTC 2021
Finish indexing
Wed May 19 09:41:36 UTC 2021

Begin indexing
Sun May 30 18:52:22 UTC 2021
Finish indexing
Sun May 30 18:52:22 UTC 2021

Begin indexing
Sun May 30 18:52:37 UTC 2021
Finish indexing
Sun May 30 18:52:37 UTC 2021

Begin indexing
Cum 17 Ara 2021 16:34:51 +03
Finish indexing
Cum 17 Ara 2021 16:34:51 +03

Begin indexing
Cum 17 Ara 2021 16:35:25 +03
Finish indexing
Cum 17 Ara 2021 16:35:25 +03

Begin indexing
Fri Dec 17 16:49:02 +03 2021
Finish indexing
Fri Dec 17 16:49:02 +03 2021

Begin indexing
Fri Dec 17 16:49:06 +03 2021
Finish indexing
Fri Dec 17 16:49:06 +03 2021

Begin indexing
Fri Dec 17 16:49:11 +03 2021
Finish indexing
Fri Dec 17 16:49:11 +03 2021

